<?xml version="1.0" encoding="UTF-8" ?>
<testsuites name="vitest tests" tests="1" failures="1" errors="0" time="0.012444808">
    <testsuite name="tests/admin/summary/approved-from-detailed.mocked.test.ts" timestamp="2025-09-11T02:05:28.034Z" hostname="pop-os" tests="1" failures="1" errors="0" skipped="0" time="0.012444808">
        <testcase classname="tests/admin/summary/approved-from-detailed.mocked.test.ts" name="approved groups derived from detailed history &gt; builds approvedGroups and collectionHistory from immutable detailed snapshot" time="0.010666458">
            <failure message="expected [] to have a length of 1 but got +0" type="AssertionError">
AssertionError: expected [] to have a length of 1 but got +0

- Expected
+ Received

- 1
+ 0

 ❯ tests/admin/summary/approved-from-detailed.mocked.test.ts:67:35
            </failure>
        </testcase>
    </testsuite>
</testsuites>
